\\BOURNEMOUTH.AC.UK\DATA\STAFF\HOME\LMCLOUGHLIN\VISUAL STUDIO 2012\PROJECTS\PGG_LAB9_OBJ_LOADER\PGG_LAB8_TEXTURES_COMPLETE\DEBUG\GAMEOBJECT.OBJ
\\BOURNEMOUTH.AC.UK\DATA\STAFF\HOME\LMCLOUGHLIN\VISUAL STUDIO 2012\PROJECTS\PGG_LAB9_OBJ_LOADER\PGG_LAB8_TEXTURES_COMPLETE\DEBUG\MAIN.OBJ
\\BOURNEMOUTH.AC.UK\DATA\STAFF\HOME\LMCLOUGHLIN\VISUAL STUDIO 2012\PROJECTS\PGG_LAB9_OBJ_LOADER\PGG_LAB8_TEXTURES_COMPLETE\DEBUG\MATERIAL.OBJ
\\BOURNEMOUTH.AC.UK\DATA\STAFF\HOME\LMCLOUGHLIN\VISUAL STUDIO 2012\PROJECTS\PGG_LAB9_OBJ_LOADER\PGG_LAB8_TEXTURES_COMPLETE\DEBUG\MESH.OBJ
\\BOURNEMOUTH.AC.UK\DATA\STAFF\HOME\LMCLOUGHLIN\VISUAL STUDIO 2012\PROJECTS\PGG_LAB9_OBJ_LOADER\PGG_LAB8_TEXTURES_COMPLETE\DEBUG\SCENE.OBJ
\\BOURNEMOUTH.AC.UK\DATA\STAFF\HOME\LMCLOUGHLIN\VISUAL STUDIO 2012\PROJECTS\PGG_LAB9_OBJ_LOADER\PGG_LAB8_TEXTURES_COMPLETE\DEBUG\VC110.PDB
\\BOURNEMOUTH.AC.UK\DATA\STAFF\HOME\LMCLOUGHLIN\VISUAL STUDIO 2012\PROJECTS\PGG_LAB9_OBJ_LOADER\PGG_LAB8_TEXTURES_COMPLETE\DEBUG\GLEW.OBJ
\\BOURNEMOUTH.AC.UK\DATA\STAFF\HOME\LMCLOUGHLIN\VISUAL STUDIO 2012\PROJECTS\PGG_LAB9_OBJ_LOADER\DEBUG\PGG_LAB8_TEXTURES_COMPLETE.ILK
\\BOURNEMOUTH.AC.UK\DATA\STAFF\HOME\LMCLOUGHLIN\VISUAL STUDIO 2012\PROJECTS\PGG_LAB9_OBJ_LOADER\DEBUG\PGG_LAB8_TEXTURES_COMPLETE.EXE
\\BOURNEMOUTH.AC.UK\DATA\STAFF\HOME\LMCLOUGHLIN\VISUAL STUDIO 2012\PROJECTS\PGG_LAB9_OBJ_LOADER\DEBUG\PGG_LAB8_TEXTURES_COMPLETE.PDB
H:\Visual Studio 2012\Projects\PGG_Lab9_OBJ_Loader\PGG_Lab9_OBJ_Loader\Debug\GameObject.obj
H:\Visual Studio 2012\Projects\PGG_Lab9_OBJ_Loader\PGG_Lab9_OBJ_Loader\Debug\Main.obj
H:\Visual Studio 2012\Projects\PGG_Lab9_OBJ_Loader\PGG_Lab9_OBJ_Loader\Debug\Material.obj
H:\Visual Studio 2012\Projects\PGG_Lab9_OBJ_Loader\PGG_Lab9_OBJ_Loader\Debug\Mesh.obj
H:\Visual Studio 2012\Projects\PGG_Lab9_OBJ_Loader\PGG_Lab9_OBJ_Loader\Debug\Scene.obj
H:\Visual Studio 2012\Projects\PGG_Lab9_OBJ_Loader\PGG_Lab9_OBJ_Loader\Debug\glew.obj
H:\Visual Studio 2012\Projects\PGG_Lab9_OBJ_Loader\PGG_Lab9_OBJ_Loader\Debug\CL.read.1.tlog
H:\Visual Studio 2012\Projects\PGG_Lab9_OBJ_Loader\PGG_Lab9_OBJ_Loader\Debug\CL.write.1.tlog
H:\Visual Studio 2012\Projects\PGG_Lab9_OBJ_Loader\PGG_Lab9_OBJ_Loader\Debug\cl.command.1.tlog
H:\Visual Studio 2012\Projects\PGG_Lab9_OBJ_Loader\PGG_Lab9_OBJ_Loader\Debug\link-rc.read.1.tlog
H:\Visual Studio 2012\Projects\PGG_Lab9_OBJ_Loader\PGG_Lab9_OBJ_Loader\Debug\link-rc.write.1.tlog
H:\Visual Studio 2012\Projects\PGG_Lab9_OBJ_Loader\PGG_Lab9_OBJ_Loader\Debug\link-cvtres.read.1.tlog
H:\Visual Studio 2012\Projects\PGG_Lab9_OBJ_Loader\PGG_Lab9_OBJ_Loader\Debug\link-cvtres.write.1.tlog
H:\Visual Studio 2012\Projects\PGG_Lab9_OBJ_Loader\PGG_Lab9_OBJ_Loader\Debug\link.read.1.tlog
H:\Visual Studio 2012\Projects\PGG_Lab9_OBJ_Loader\PGG_Lab9_OBJ_Loader\Debug\link.write.1.tlog
H:\Visual Studio 2012\Projects\PGG_Lab9_OBJ_Loader\PGG_Lab9_OBJ_Loader\Debug\link.command.1.tlog
H:\Visual Studio 2012\Projects\PGG_Lab9_OBJ_Loader\PGG_Lab9_OBJ_Loader\Debug\vc110.idb
H:\Visual Studio 2012\Projects\PGG_Lab9_OBJ_Loader\PGG_Lab9_OBJ_Loader\Debug\vc110.pdb
