\\BOURNEMOUTH.AC.UK\DATA\STAFF\HOME\LMCLOUGHLIN\VISUAL STUDIO 2012\PROJECTS\PGG_LAB8_TEXTURES_COMPLETE\PGG_LAB8_TEXTURES_COMPLETE\DEBUG\CUBE.OBJ
\\BOURNEMOUTH.AC.UK\DATA\STAFF\HOME\LMCLOUGHLIN\VISUAL STUDIO 2012\PROJECTS\PGG_LAB8_TEXTURES_COMPLETE\PGG_LAB8_TEXTURES_COMPLETE\DEBUG\MAIN.OBJ
\\BOURNEMOUTH.AC.UK\DATA\STAFF\HOME\LMCLOUGHLIN\VISUAL STUDIO 2012\PROJECTS\PGG_LAB8_TEXTURES_COMPLETE\PGG_LAB8_TEXTURES_COMPLETE\DEBUG\SCENE.OBJ
\\BOURNEMOUTH.AC.UK\DATA\STAFF\HOME\LMCLOUGHLIN\VISUAL STUDIO 2012\PROJECTS\PGG_LAB8_TEXTURES_COMPLETE\PGG_LAB8_TEXTURES_COMPLETE\DEBUG\VC110.PDB
\\BOURNEMOUTH.AC.UK\DATA\STAFF\HOME\LMCLOUGHLIN\VISUAL STUDIO 2012\PROJECTS\PGG_LAB8_TEXTURES_COMPLETE\PGG_LAB8_TEXTURES_COMPLETE\DEBUG\GLEW.OBJ
\\BOURNEMOUTH.AC.UK\DATA\STAFF\HOME\LMCLOUGHLIN\VISUAL STUDIO 2012\PROJECTS\PGG_LAB8_TEXTURES_COMPLETE\DEBUG\PGG_LAB8_TEXTURES_COMPLETE.ILK
\\BOURNEMOUTH.AC.UK\DATA\STAFF\HOME\LMCLOUGHLIN\VISUAL STUDIO 2012\PROJECTS\PGG_LAB8_TEXTURES_COMPLETE\DEBUG\PGG_LAB8_TEXTURES_COMPLETE.EXE
\\BOURNEMOUTH.AC.UK\DATA\STAFF\HOME\LMCLOUGHLIN\VISUAL STUDIO 2012\PROJECTS\PGG_LAB8_TEXTURES_COMPLETE\DEBUG\PGG_LAB8_TEXTURES_COMPLETE.PDB
\\bournemouth.ac.uk\data\Staff\Home\lmcloughlin\Visual Studio 2012\Projects\PGG_Lab8_Textures_Complete\PGG_Lab8_Textures_Complete\Debug\Cube.obj
\\bournemouth.ac.uk\data\Staff\Home\lmcloughlin\Visual Studio 2012\Projects\PGG_Lab8_Textures_Complete\PGG_Lab8_Textures_Complete\Debug\Main.obj
\\bournemouth.ac.uk\data\Staff\Home\lmcloughlin\Visual Studio 2012\Projects\PGG_Lab8_Textures_Complete\PGG_Lab8_Textures_Complete\Debug\Scene.obj
\\bournemouth.ac.uk\data\Staff\Home\lmcloughlin\Visual Studio 2012\Projects\PGG_Lab8_Textures_Complete\PGG_Lab8_Textures_Complete\Debug\glew.obj
\\bournemouth.ac.uk\data\Staff\Home\lmcloughlin\Visual Studio 2012\Projects\PGG_Lab8_Textures_Complete\PGG_Lab8_Textures_Complete\Debug\CL.read.1.tlog
\\bournemouth.ac.uk\data\Staff\Home\lmcloughlin\Visual Studio 2012\Projects\PGG_Lab8_Textures_Complete\PGG_Lab8_Textures_Complete\Debug\CL.write.1.tlog
\\bournemouth.ac.uk\data\Staff\Home\lmcloughlin\Visual Studio 2012\Projects\PGG_Lab8_Textures_Complete\PGG_Lab8_Textures_Complete\Debug\cl.command.1.tlog
\\bournemouth.ac.uk\data\Staff\Home\lmcloughlin\Visual Studio 2012\Projects\PGG_Lab8_Textures_Complete\PGG_Lab8_Textures_Complete\Debug\link-rc.read.1.tlog
\\bournemouth.ac.uk\data\Staff\Home\lmcloughlin\Visual Studio 2012\Projects\PGG_Lab8_Textures_Complete\PGG_Lab8_Textures_Complete\Debug\link-rc.write.1.tlog
\\bournemouth.ac.uk\data\Staff\Home\lmcloughlin\Visual Studio 2012\Projects\PGG_Lab8_Textures_Complete\PGG_Lab8_Textures_Complete\Debug\link-cvtres.read.1.tlog
\\bournemouth.ac.uk\data\Staff\Home\lmcloughlin\Visual Studio 2012\Projects\PGG_Lab8_Textures_Complete\PGG_Lab8_Textures_Complete\Debug\link-cvtres.write.1.tlog
\\bournemouth.ac.uk\data\Staff\Home\lmcloughlin\Visual Studio 2012\Projects\PGG_Lab8_Textures_Complete\PGG_Lab8_Textures_Complete\Debug\link.read.1.tlog
\\bournemouth.ac.uk\data\Staff\Home\lmcloughlin\Visual Studio 2012\Projects\PGG_Lab8_Textures_Complete\PGG_Lab8_Textures_Complete\Debug\link.write.1.tlog
\\bournemouth.ac.uk\data\Staff\Home\lmcloughlin\Visual Studio 2012\Projects\PGG_Lab8_Textures_Complete\PGG_Lab8_Textures_Complete\Debug\link.command.1.tlog
\\bournemouth.ac.uk\data\Staff\Home\lmcloughlin\Visual Studio 2012\Projects\PGG_Lab8_Textures_Complete\PGG_Lab8_Textures_Complete\Debug\link.43948-rc.read.1.tlog
\\bournemouth.ac.uk\data\Staff\Home\lmcloughlin\Visual Studio 2012\Projects\PGG_Lab8_Textures_Complete\PGG_Lab8_Textures_Complete\Debug\link.43948-rc.write.1.tlog
\\bournemouth.ac.uk\data\Staff\Home\lmcloughlin\Visual Studio 2012\Projects\PGG_Lab8_Textures_Complete\PGG_Lab8_Textures_Complete\Debug\link.43948-cvtres.read.1.tlog
\\bournemouth.ac.uk\data\Staff\Home\lmcloughlin\Visual Studio 2012\Projects\PGG_Lab8_Textures_Complete\PGG_Lab8_Textures_Complete\Debug\link.43948-cvtres.write.1.tlog
\\bournemouth.ac.uk\data\Staff\Home\lmcloughlin\Visual Studio 2012\Projects\PGG_Lab8_Textures_Complete\PGG_Lab8_Textures_Complete\Debug\link.43948.read.1.tlog
\\bournemouth.ac.uk\data\Staff\Home\lmcloughlin\Visual Studio 2012\Projects\PGG_Lab8_Textures_Complete\PGG_Lab8_Textures_Complete\Debug\link.43948.write.1.tlog
\\bournemouth.ac.uk\data\Staff\Home\lmcloughlin\Visual Studio 2012\Projects\PGG_Lab8_Textures_Complete\PGG_Lab8_Textures_Complete\Debug\vc110.idb
\\bournemouth.ac.uk\data\Staff\Home\lmcloughlin\Visual Studio 2012\Projects\PGG_Lab8_Textures_Complete\PGG_Lab8_Textures_Complete\Debug\vc110.pdb
\\bournemouth.ac.uk\data\Staff\Home\lmcloughlin\Visual Studio 2012\Projects\PGG_Lab8_Textures_Complete\Debug\PGG_Lab8_Textures_Complete.pdb
\\bournemouth.ac.uk\data\Staff\Home\lmcloughlin\Visual Studio 2012\Projects\PGG_Lab8_Textures_Complete\Debug\PGG_Lab8_Textures_Complete.exe
\\bournemouth.ac.uk\data\Staff\Home\lmcloughlin\Visual Studio 2012\Projects\PGG_Lab8_Textures_Complete\Debug\PGG_Lab8_Textures_Complete.ilk
